2024-03-12T09:32:24.309171+08:00 - Received SIGINT. Requesting shutdown.
2024-03-12T09:32:24.309319+08:00 - Shutdown requested. Waiting for pending I/O...
2024-03-12T09:32:24.309436+08:00 - Graceful shutdown completed successfully.
2024-03-12T09:33:29.729974+08:00 INFO lottery - long inited!
2024-03-12T09:33:29.733476+08:00 INFO rocket::config::config - 🔧 Configured for [4mdebug[0m.
2024-03-12T09:33:29.733523+08:00 INFO rocket::config::config - address: [1;39m127.0.0.1[0m
2024-03-12T09:33:29.733550+08:00 INFO rocket::config::config - port: [1;39m8000[0m
2024-03-12T09:33:29.733573+08:00 INFO rocket::config::config - workers: [1;39m12[0m
2024-03-12T09:33:29.733615+08:00 INFO rocket::config::config - max blocking threads: [1;39m512[0m
2024-03-12T09:33:29.733676+08:00 INFO rocket::config::config - ident: [1;39mRocket[0m
2024-03-12T09:33:29.733702+08:00 INFO rocket::config::config - IP header: [1;39mX-Real-IP[0m
2024-03-12T09:33:29.733747+08:00 INFO rocket::config::config - limits: [1;39mbytes = 8KiB, data-form = 2MiB, file = 1MiB, form = 32KiB, json = 1MiB, msgpack = 1MiB, string = 8KiB[0m
2024-03-12T09:33:29.733800+08:00 INFO rocket::config::config - temp dir: [1;39m/var/folders/5c/lr97g91j4319_f1vsg410ylw0000gn/T/[0m
2024-03-12T09:33:29.733825+08:00 INFO rocket::config::config - http/2: [1;39mtrue[0m
2024-03-12T09:33:29.733849+08:00 INFO rocket::config::config - keep-alive: [1;39m5[0m[1;39ms[0m
2024-03-12T09:33:29.733871+08:00 INFO rocket::config::config - tls: [1;39mdisabled[0m
2024-03-12T09:33:29.733896+08:00 INFO rocket::config::config - shutdown: [1;39mctrlc = true, force = true, signals = [SIGTERM], grace = 2s, mercy = 3s[0m
2024-03-12T09:33:29.733934+08:00 INFO rocket::config::config - log level: [1;39mnormal[0m
2024-03-12T09:33:29.733991+08:00 INFO rocket::config::config - cli colors: [1;39mtrue[0m
2024-03-12T09:33:29.734140+08:00 INFO rocket::rocket - 📬 [35mRoutes[0m:
2024-03-12T09:33:29.734212+08:00 INFO rocket::rocket - [36m([0m[39mindex[0m[36m)[0m [32mGET[0m [34m/hi[0m
2024-03-12T09:33:29.734246+08:00 INFO rocket::rocket - [36m([0m[39mput_item_to_redis[0m[36m)[0m [32mPOST[0m [34m/items[0m [33mapplication/json[0m
2024-03-12T09:33:29.734277+08:00 INFO rocket::rocket - [36m([0m[39mtoken[0m[36m)[0m [32mGET[0m [34m/getToken[0m
2024-03-12T09:33:29.734305+08:00 INFO rocket::rocket - [36m([0m[39mdelay[0m[36m)[0m [32mGET[0m [34m/delay/<seconds>[0m
2024-03-12T09:33:29.734371+08:00 INFO rocket::fairing::fairings - 📡 [35mFairings[0m:
2024-03-12T09:33:29.734414+08:00 INFO rocket::fairing::fairings - [1;39mShield[0m ([1;34mliftoff, response, singleton[0m)
2024-03-12T09:33:29.734603+08:00 INFO rocket::shield::shield - 🛡️ [35mShield[0m:
2024-03-12T09:33:29.734630+08:00 INFO rocket::shield::shield - Permissions-Policy: [39minterest-cohort=()[0m
2024-03-12T09:33:29.734651+08:00 INFO rocket::shield::shield - X-Content-Type-Options: [39mnosniff[0m
2024-03-12T09:33:29.734671+08:00 INFO rocket::shield::shield - X-Frame-Options: [39mSAMEORIGIN[0m
2024-03-12T09:33:29.734706+08:00 WARN rocket::rocket - 🚀 [1;39mRocket has launched from [4mhttp://127.0.0.1:8000[0m
2024-03-12T09:36:33.475439+08:00 WARN rocket::server - Received SIGINT. Requesting shutdown.
2024-03-12T09:36:33.476922+08:00 INFO rocket::server - Shutdown requested. Waiting for pending I/O...
2024-03-12T09:36:33.477145+08:00 INFO rocket::server - Graceful shutdown completed successfully.
2024-03-12T09:36:47.179316+08:00 INFO lottery - long inited!
2024-03-12T09:36:47.182989+08:00 INFO rocket::config::config - 🔧 Configured for [4mdebug[0m.
2024-03-12T09:36:47.183053+08:00 INFO rocket::config::config - address: [1;39m127.0.0.1[0m
2024-03-12T09:36:47.183091+08:00 INFO rocket::config::config - port: [1;39m8000[0m
2024-03-12T09:36:47.183123+08:00 INFO rocket::config::config - workers: [1;39m12[0m
2024-03-12T09:36:47.183153+08:00 INFO rocket::config::config - max blocking threads: [1;39m512[0m
2024-03-12T09:36:47.183188+08:00 INFO rocket::config::config - ident: [1;39mRocket[0m
2024-03-12T09:36:47.183241+08:00 INFO rocket::config::config - IP header: [1;39mX-Real-IP[0m
2024-03-12T09:36:47.183279+08:00 INFO rocket::config::config - limits: [1;39mbytes = 8KiB, data-form = 2MiB, file = 1MiB, form = 32KiB, json = 1MiB, msgpack = 1MiB, string = 8KiB[0m
2024-03-12T09:36:47.183314+08:00 INFO rocket::config::config - temp dir: [1;39m/var/folders/5c/lr97g91j4319_f1vsg410ylw0000gn/T/[0m
2024-03-12T09:36:47.183343+08:00 INFO rocket::config::config - http/2: [1;39mtrue[0m
2024-03-12T09:36:47.183372+08:00 INFO rocket::config::config - keep-alive: [1;39m5[0m[1;39ms[0m
2024-03-12T09:36:47.183400+08:00 INFO rocket::config::config - tls: [1;39mdisabled[0m
2024-03-12T09:36:47.183428+08:00 INFO rocket::config::config - shutdown: [1;39mctrlc = true, force = true, signals = [SIGTERM], grace = 2s, mercy = 3s[0m
2024-03-12T09:36:47.183456+08:00 INFO rocket::config::config - log level: [1;39mnormal[0m
2024-03-12T09:36:47.183482+08:00 INFO rocket::config::config - cli colors: [1;39mtrue[0m
2024-03-12T09:36:47.183623+08:00 INFO rocket::rocket - 📬 [35mRoutes[0m:
2024-03-12T09:36:47.183708+08:00 INFO rocket::rocket - [36m([0m[39mindex[0m[36m)[0m [32mGET[0m [34m/hi[0m
2024-03-12T09:36:47.183751+08:00 INFO rocket::rocket - [36m([0m[39mput_item_to_redis[0m[36m)[0m [32mPOST[0m [34m/items[0m [33mapplication/json[0m
2024-03-12T09:36:47.183789+08:00 INFO rocket::rocket - [36m([0m[39mtoken[0m[36m)[0m [32mGET[0m [34m/getToken[0m
2024-03-12T09:36:47.183829+08:00 INFO rocket::rocket - [36m([0m[39mdelay[0m[36m)[0m [32mGET[0m [34m/delay/<seconds>[0m
2024-03-12T09:36:47.183877+08:00 INFO rocket::fairing::fairings - 📡 [35mFairings[0m:
2024-03-12T09:36:47.183912+08:00 INFO rocket::fairing::fairings - [1;39mShield[0m ([1;34mliftoff, response, singleton[0m)
2024-03-12T09:36:47.184154+08:00 INFO rocket::shield::shield - 🛡️ [35mShield[0m:
2024-03-12T09:36:47.184188+08:00 INFO rocket::shield::shield - Permissions-Policy: [39minterest-cohort=()[0m
2024-03-12T09:36:47.184214+08:00 INFO rocket::shield::shield - X-Frame-Options: [39mSAMEORIGIN[0m
2024-03-12T09:36:47.184240+08:00 INFO rocket::shield::shield - X-Content-Type-Options: [39mnosniff[0m
2024-03-12T09:36:47.184284+08:00 WARN rocket::rocket - 🚀 [1;39mRocket has launched from [4mhttp://127.0.0.1:8000[0m
2024-03-12T09:37:44.353791+08:00 INFO rocket::server - [32mPOST[0m [34m/items[0m [33mapplication/x-www-form-urlencoded[0m:
2024-03-12T09:37:44.353890+08:00 ERROR rocket::server - No matching routes for [32mPOST[0m [34m/items[0m [33mapplication/x-www-form-urlencoded[0m.
2024-03-12T09:37:44.353937+08:00 WARN rocket::server - No [1;34m404[0m catcher registered. Using Rocket default.
2024-03-12T09:37:44.354120+08:00 INFO rocket::server - [32mResponse succeeded.[0m
2024-03-12T09:38:48.414662+08:00 INFO rocket::server - [32mPOST[0m [34m/items[0m [33mappliction/json[0m:
2024-03-12T09:38:48.414753+08:00 ERROR rocket::server - No matching routes for [32mPOST[0m [34m/items[0m [33mappliction/json[0m.
2024-03-12T09:38:48.414796+08:00 WARN rocket::server - No [1;34m404[0m catcher registered. Using Rocket default.
2024-03-12T09:38:48.414952+08:00 INFO rocket::server - [32mResponse succeeded.[0m
2024-03-12T09:39:09.756557+08:00 INFO rocket::server - [32mPOST[0m [34m/items[0m [33mapplication/json[0m:
2024-03-12T09:39:09.756659+08:00 INFO rocket::server - Matched: [36m([0m[39mput_item_to_redis[0m[36m)[0m [32mPOST[0m [34m/items[0m [33mapplication/json[0m
2024-03-12T09:39:09.797705+08:00 INFO lottery - redis put success! 2
2024-03-12T09:39:09.797794+08:00 INFO rocket::server - [1;39mOutcome: [0m[32mSuccess[0m([39m201 Created[0m)
2024-03-12T09:39:09.797958+08:00 INFO rocket::server - [32mResponse succeeded.[0m
2024-03-12T09:39:33.415959+08:00 INFO rocket::server - [32mPOST[0m [34m/items[0m [33mapplication/json[0m:
2024-03-12T09:39:33.416080+08:00 INFO rocket::server - Matched: [36m([0m[39mput_item_to_redis[0m[36m)[0m [32mPOST[0m [34m/items[0m [33mapplication/json[0m
2024-03-12T09:39:33.424214+08:00 INFO lottery - redis put success! 3
2024-03-12T09:39:33.424304+08:00 INFO rocket::server - [1;39mOutcome: [0m[32mSuccess[0m([39m201 Created[0m)
2024-03-12T09:39:33.424456+08:00 INFO rocket::server - [32mResponse succeeded.[0m
2024-03-12T10:02:11.457196+08:00 WARN rocket::server - Received SIGINT. Requesting shutdown.
2024-03-12T10:02:11.457933+08:00 INFO rocket::server - Shutdown requested. Waiting for pending I/O...
2024-03-12T10:02:11.458544+08:00 INFO rocket::server - Graceful shutdown completed successfully.
2024-03-12T14:36:21.456355+08:00 INFO lottery - long inited!
2024-03-12T14:36:21.460611+08:00 INFO rocket::config::config - 🔧 Configured for [4mdebug[0m.
2024-03-12T14:36:21.460670+08:00 INFO rocket::config::config - address: [1;39m127.0.0.1[0m
2024-03-12T14:36:21.460705+08:00 INFO rocket::config::config - port: [1;39m8000[0m
2024-03-12T14:36:21.460738+08:00 INFO rocket::config::config - workers: [1;39m12[0m
2024-03-12T14:36:21.460768+08:00 INFO rocket::config::config - max blocking threads: [1;39m512[0m
2024-03-12T14:36:21.460806+08:00 INFO rocket::config::config - ident: [1;39mRocket[0m
2024-03-12T14:36:21.460844+08:00 INFO rocket::config::config - IP header: [1;39mX-Real-IP[0m
2024-03-12T14:36:21.460882+08:00 INFO rocket::config::config - limits: [1;39mbytes = 8KiB, data-form = 2MiB, file = 1MiB, form = 32KiB, json = 1MiB, msgpack = 1MiB, string = 8KiB[0m
2024-03-12T14:36:21.460921+08:00 INFO rocket::config::config - temp dir: [1;39m/var/folders/5c/lr97g91j4319_f1vsg410ylw0000gn/T/[0m
2024-03-12T14:36:21.460951+08:00 INFO rocket::config::config - http/2: [1;39mtrue[0m
2024-03-12T14:36:21.460982+08:00 INFO rocket::config::config - keep-alive: [1;39m5[0m[1;39ms[0m
2024-03-12T14:36:21.461012+08:00 INFO rocket::config::config - tls: [1;39mdisabled[0m
2024-03-12T14:36:21.461043+08:00 INFO rocket::config::config - shutdown: [1;39mctrlc = true, force = true, signals = [SIGTERM], grace = 2s, mercy = 3s[0m
2024-03-12T14:36:21.461074+08:00 INFO rocket::config::config - log level: [1;39mnormal[0m
2024-03-12T14:36:21.461102+08:00 INFO rocket::config::config - cli colors: [1;39mtrue[0m
2024-03-12T14:36:21.461290+08:00 INFO rocket::fairing::fairings - 📡 [35mFairings[0m:
2024-03-12T14:36:21.461339+08:00 INFO rocket::fairing::fairings - [1;39mShield[0m ([1;34mliftoff, response, singleton[0m)
2024-03-12T14:36:21.461535+08:00 INFO rocket::shield::shield - 🛡️ [35mShield[0m:
2024-03-12T14:36:21.461574+08:00 INFO rocket::shield::shield - Permissions-Policy: [39minterest-cohort=()[0m
2024-03-12T14:36:21.462144+08:00 INFO rocket::shield::shield - X-Content-Type-Options: [39mnosniff[0m
2024-03-12T14:36:21.462204+08:00 INFO rocket::shield::shield - X-Frame-Options: [39mSAMEORIGIN[0m
2024-03-12T14:36:21.462263+08:00 WARN rocket::rocket - 🚀 [1;39mRocket has launched from [4mhttp://127.0.0.1:8000[0m
2024-03-12T14:36:26.016840+08:00 WARN rocket::server - Received SIGINT. Requesting shutdown.
2024-03-12T14:36:26.017012+08:00 INFO rocket::server - Shutdown requested. Waiting for pending I/O...
2024-03-12T14:36:26.017226+08:00 INFO rocket::server - Graceful shutdown completed successfully.
2024-03-12T14:37:47.156686+08:00 INFO lottery - long inited!
2024-03-12T14:37:47.159405+08:00 INFO rocket::config::config - 🔧 Configured for [4mdebug[0m.
2024-03-12T14:37:47.159455+08:00 INFO rocket::config::config - address: [1;39m127.0.0.1[0m
2024-03-12T14:37:47.159489+08:00 INFO rocket::config::config - port: [1;39m8000[0m
2024-03-12T14:37:47.159523+08:00 INFO rocket::config::config - workers: [1;39m12[0m
2024-03-12T14:37:47.159554+08:00 INFO rocket::config::config - max blocking threads: [1;39m512[0m
2024-03-12T14:37:47.159591+08:00 INFO rocket::config::config - ident: [1;39mRocket[0m
2024-03-12T14:37:47.159630+08:00 INFO rocket::config::config - IP header: [1;39mX-Real-IP[0m
2024-03-12T14:37:47.159669+08:00 INFO rocket::config::config - limits: [1;39mbytes = 8KiB, data-form = 2MiB, file = 1MiB, form = 32KiB, json = 1MiB, msgpack = 1MiB, string = 8KiB[0m
2024-03-12T14:37:47.159734+08:00 INFO rocket::config::config - temp dir: [1;39m/var/folders/5c/lr97g91j4319_f1vsg410ylw0000gn/T/[0m
2024-03-12T14:37:47.159762+08:00 INFO rocket::config::config - http/2: [1;39mtrue[0m
2024-03-12T14:37:47.159789+08:00 INFO rocket::config::config - keep-alive: [1;39m5[0m[1;39ms[0m
2024-03-12T14:37:47.159816+08:00 INFO rocket::config::config - tls: [1;39mdisabled[0m
2024-03-12T14:37:47.159844+08:00 INFO rocket::config::config - shutdown: [1;39mctrlc = true, force = true, signals = [SIGTERM], grace = 2s, mercy = 3s[0m
2024-03-12T14:37:47.159872+08:00 INFO rocket::config::config - log level: [1;39mnormal[0m
2024-03-12T14:37:47.159897+08:00 INFO rocket::config::config - cli colors: [1;39mtrue[0m
2024-03-12T14:37:47.160079+08:00 INFO rocket::fairing::fairings - 📡 [35mFairings[0m:
2024-03-12T14:37:47.160124+08:00 INFO rocket::fairing::fairings - [1;39mShield[0m ([1;34mliftoff, response, singleton[0m)
2024-03-12T14:37:47.160319+08:00 INFO rocket::shield::shield - 🛡️ [35mShield[0m:
2024-03-12T14:37:47.160355+08:00 INFO rocket::shield::shield - X-Content-Type-Options: [39mnosniff[0m
2024-03-12T14:37:47.160382+08:00 INFO rocket::shield::shield - X-Frame-Options: [39mSAMEORIGIN[0m
2024-03-12T14:37:47.160407+08:00 INFO rocket::shield::shield - Permissions-Policy: [39minterest-cohort=()[0m
2024-03-12T14:37:47.160450+08:00 WARN rocket::rocket - 🚀 [1;39mRocket has launched from [4mhttp://127.0.0.1:8000[0m
2024-03-12T14:37:48.777692+08:00 WARN rocket::server - Received SIGINT. Requesting shutdown.
2024-03-12T14:37:48.777832+08:00 INFO rocket::server - Shutdown requested. Waiting for pending I/O...
2024-03-12T14:37:48.777951+08:00 INFO rocket::server - Graceful shutdown completed successfully.
2024-03-13T15:05:58.449237+08:00 INFO lottery - long inited!
2024-03-13T15:05:58.455558+08:00 INFO rocket::config::config - 🔧 Configured for [4mdebug[0m.
2024-03-13T15:05:58.455622+08:00 INFO rocket::config::config - address: [1;39m127.0.0.1[0m
2024-03-13T15:05:58.455657+08:00 INFO rocket::config::config - port: [1;39m8000[0m
2024-03-13T15:05:58.455691+08:00 INFO rocket::config::config - workers: [1;39m12[0m
2024-03-13T15:05:58.455721+08:00 INFO rocket::config::config - max blocking threads: [1;39m512[0m
2024-03-13T15:05:58.455757+08:00 INFO rocket::config::config - ident: [1;39mRocket[0m
2024-03-13T15:05:58.455789+08:00 INFO rocket::config::config - IP header: [1;39mX-Real-IP[0m
2024-03-13T15:05:58.455827+08:00 INFO rocket::config::config - limits: [1;39mbytes = 8KiB, data-form = 2MiB, file = 1MiB, form = 32KiB, json = 1MiB, msgpack = 1MiB, string = 8KiB[0m
2024-03-13T15:05:58.455863+08:00 INFO rocket::config::config - temp dir: [1;39m/var/folders/5c/lr97g91j4319_f1vsg410ylw0000gn/T/[0m
2024-03-13T15:05:58.455893+08:00 INFO rocket::config::config - http/2: [1;39mtrue[0m
2024-03-13T15:05:58.455924+08:00 INFO rocket::config::config - keep-alive: [1;39m5[0m[1;39ms[0m
2024-03-13T15:05:58.455953+08:00 INFO rocket::config::config - tls: [1;39mdisabled[0m
2024-03-13T15:05:58.456287+08:00 INFO rocket::config::config - shutdown: [1;39mctrlc = true, force = true, signals = [SIGTERM], grace = 2s, mercy = 3s[0m
2024-03-13T15:05:58.456347+08:00 INFO rocket::config::config - log level: [1;39mnormal[0m
2024-03-13T15:05:58.456380+08:00 INFO rocket::config::config - cli colors: [1;39mtrue[0m
2024-03-13T15:05:58.456536+08:00 INFO rocket::rocket - 📬 [35mRoutes[0m:
2024-03-13T15:05:58.456614+08:00 INFO rocket::rocket - [36m([0m[39mindex[0m[36m)[0m [32mGET[0m [34m/hi[0m
2024-03-13T15:05:58.456716+08:00 INFO rocket::rocket - [36m([0m[39mput_item_to_redis[0m[36m)[0m [32mPOST[0m [34m/items[0m [33mapplication/json[0m
2024-03-13T15:05:58.456776+08:00 INFO rocket::rocket - [36m([0m[39mtoken[0m[36m)[0m [32mGET[0m [34m/getToken[0m
2024-03-13T15:05:58.456835+08:00 INFO rocket::rocket - [36m([0m[39mdelay[0m[36m)[0m [32mGET[0m [34m/delay/<seconds>[0m
2024-03-13T15:05:58.456899+08:00 INFO rocket::fairing::fairings - 📡 [35mFairings[0m:
2024-03-13T15:05:58.456997+08:00 INFO rocket::fairing::fairings - [1;39mShield[0m ([1;34mliftoff, response, singleton[0m)
2024-03-13T15:05:58.457287+08:00 INFO rocket::shield::shield - 🛡️ [35mShield[0m:
2024-03-13T15:05:58.457344+08:00 INFO rocket::shield::shield - X-Frame-Options: [39mSAMEORIGIN[0m
2024-03-13T15:05:58.457552+08:00 INFO rocket::shield::shield - X-Content-Type-Options: [39mnosniff[0m
2024-03-13T15:05:58.457613+08:00 INFO rocket::shield::shield - Permissions-Policy: [39minterest-cohort=()[0m
2024-03-13T15:05:58.457667+08:00 WARN rocket::rocket - 🚀 [1;39mRocket has launched from [4mhttp://127.0.0.1:8000[0m
2024-03-13T15:06:16.484313+08:00 INFO rocket::server - [32mPOST[0m [34m/items[0m [33mapplication/json[0m:
2024-03-13T15:06:16.484415+08:00 INFO rocket::server - Matched: [36m([0m[39mput_item_to_redis[0m[36m)[0m [32mPOST[0m [34m/items[0m [33mapplication/json[0m
2024-03-13T15:06:16.510313+08:00 INFO rocket::server - [1;39mOutcome: [0m[32mSuccess[0m([39m201 Created[0m)
2024-03-13T15:06:16.510496+08:00 INFO rocket::server - [32mResponse succeeded.[0m
2024-03-13T15:06:29.712967+08:00 WARN rocket::server - Received SIGINT. Requesting shutdown.
2024-03-13T15:06:29.713101+08:00 INFO rocket::server - Shutdown requested. Waiting for pending I/O...
2024-03-13T15:06:29.713204+08:00 INFO rocket::server - Graceful shutdown completed successfully.
2024-03-22T15:37:14.921268+08:00 INFO lottery - long inited!
2024-03-22T15:37:14.925904+08:00 ERROR rocket_sync_db_pools::connection - database config error for pool named `lottery`
2024-03-22T15:37:14.925945+08:00 ERROR rocket_sync_db_pools::connection - missing field `url`
2024-03-22T15:37:14.926545+08:00 ERROR rocket::error - Rocket failed to launch due to failing fairings:
2024-03-22T15:37:14.926577+08:00 INFO rocket::error - 'lottery' Database Pool
2024-03-22T15:37:52.863695+08:00 INFO lottery - long inited!
2024-03-22T15:37:52.868569+08:00 ERROR rocket_sync_db_pools::connection - database config error for pool named `lottery`
2024-03-22T15:37:52.868650+08:00 ERROR rocket_sync_db_pools::connection - missing field `url`
2024-03-22T15:37:52.869283+08:00 ERROR rocket::error - Rocket failed to launch due to failing fairings:
2024-03-22T15:37:52.869355+08:00 INFO rocket::error - 'lottery' Database Pool
2024-03-22T15:38:11.715114+08:00 INFO lottery - long inited!
2024-03-22T15:38:11.719735+08:00 ERROR rocket_sync_db_pools::connection - database config error for pool named `lottery`
2024-03-22T15:38:11.719782+08:00 ERROR rocket_sync_db_pools::connection - missing field `url`
2024-03-22T15:38:11.720316+08:00 ERROR rocket::error - Rocket failed to launch due to failing fairings:
2024-03-22T15:38:11.720353+08:00 INFO rocket::error - 'lottery' Database Pool
2024-03-22T15:41:44.419601+08:00 INFO lottery - long inited!
2024-03-22T15:41:44.551065+08:00 INFO rocket::config::config - 🔧 Configured for [4mdebug[0m.
2024-03-22T15:41:44.551119+08:00 INFO rocket::config::config - address: [1;39m127.0.0.1[0m
2024-03-22T15:41:44.551150+08:00 INFO rocket::config::config - port: [1;39m8000[0m
2024-03-22T15:41:44.551177+08:00 INFO rocket::config::config - workers: [1;39m12[0m
2024-03-22T15:41:44.551202+08:00 INFO rocket::config::config - max blocking threads: [1;39m512[0m
2024-03-22T15:41:44.551231+08:00 INFO rocket::config::config - ident: [1;39mRocket[0m
2024-03-22T15:41:44.551258+08:00 INFO rocket::config::config - IP header: [1;39mX-Real-IP[0m
2024-03-22T15:41:44.551291+08:00 INFO rocket::config::config - limits: [1;39mbytes = 8KiB, data-form = 2MiB, file = 1MiB, form = 32KiB, json = 1MiB, msgpack = 1MiB, string = 8KiB[0m
2024-03-22T15:41:44.551323+08:00 INFO rocket::config::config - temp dir: [1;39m/var/folders/5c/lr97g91j4319_f1vsg410ylw0000gn/T/[0m
2024-03-22T15:41:44.551348+08:00 INFO rocket::config::config - http/2: [1;39mtrue[0m
2024-03-22T15:41:44.551373+08:00 INFO rocket::config::config - keep-alive: [1;39m5[0m[1;39ms[0m
2024-03-22T15:41:44.551397+08:00 INFO rocket::config::config - tls: [1;39mdisabled[0m
2024-03-22T15:41:44.551466+08:00 INFO rocket::config::config - shutdown: [1;39mctrlc = true, force = true, signals = [SIGTERM], grace = 2s, mercy = 3s[0m
2024-03-22T15:41:44.551492+08:00 INFO rocket::config::config - log level: [1;39mnormal[0m
2024-03-22T15:41:44.551515+08:00 INFO rocket::config::config - cli colors: [1;39mtrue[0m
2024-03-22T15:41:44.552805+08:00 INFO rocket::rocket - 📬 [35mRoutes[0m:
2024-03-22T15:41:44.552893+08:00 INFO rocket::rocket - [36m([0m[39mindex[0m[36m)[0m [32mGET[0m [34m/hi[0m
2024-03-22T15:41:44.552932+08:00 INFO rocket::rocket - [36m([0m[39mtest[0m[36m)[0m [32mGET[0m [34m/test[0m
2024-03-22T15:41:44.552968+08:00 INFO rocket::rocket - [36m([0m[39mput_item_to_redis[0m[36m)[0m [32mPOST[0m [34m/items[0m [33mapplication/json[0m
2024-03-22T15:41:44.553002+08:00 INFO rocket::rocket - [36m([0m[39mtoken[0m[36m)[0m [32mGET[0m [34m/getToken?<deviceId>[0m
2024-03-22T15:41:44.553032+08:00 INFO rocket::rocket - [36m([0m[39mdelay[0m[36m)[0m [32mGET[0m [34m/delay/<seconds>[0m
2024-03-22T15:41:44.553073+08:00 INFO rocket::fairing::fairings - 📡 [35mFairings[0m:
2024-03-22T15:41:44.553107+08:00 INFO rocket::fairing::fairings - [1;39mShield[0m ([1;34mliftoff, response, singleton[0m)
2024-03-22T15:41:44.553135+08:00 INFO rocket::fairing::fairings - [1;39m'lottery' Database Pool[0m ([1;34mignite[0m)
2024-03-22T15:41:44.553316+08:00 INFO rocket::shield::shield - 🛡️ [35mShield[0m:
2024-03-22T15:41:44.553343+08:00 INFO rocket::shield::shield - X-Frame-Options: [39mSAMEORIGIN[0m
2024-03-22T15:41:44.555490+08:00 INFO rocket::shield::shield - Permissions-Policy: [39minterest-cohort=()[0m
2024-03-22T15:41:44.555538+08:00 INFO rocket::shield::shield - X-Content-Type-Options: [39mnosniff[0m
2024-03-22T15:41:44.555586+08:00 WARN rocket::rocket - 🚀 [1;39mRocket has launched from [4mhttp://127.0.0.1:8000[0m
2024-03-22T15:43:17.611185+08:00 INFO rocket::server - [32mGET[0m [34m/[0m [33mtext/html[0m:
2024-03-22T15:43:17.611720+08:00 ERROR rocket::server - No matching routes for [32mGET[0m [34m/[0m [33mtext/html[0m.
2024-03-22T15:43:17.611845+08:00 WARN rocket::server - No [1;34m404[0m catcher registered. Using Rocket default.
2024-03-22T15:43:17.612128+08:00 INFO rocket::server - [32mResponse succeeded.[0m
2024-03-22T15:43:22.970684+08:00 INFO rocket::server - [32mGET[0m [34m/test[0m [33mtext/html[0m:
2024-03-22T15:43:22.970772+08:00 INFO rocket::server - Matched: [36m([0m[39mtest[0m[36m)[0m [32mGET[0m [34m/test[0m
2024-03-22T15:43:22.970860+08:00 INFO rocket::server - [1;39mOutcome: [0m[32mSuccess[0m([39m200 OK[0m)
2024-03-22T15:43:22.970977+08:00 INFO rocket::server - [32mResponse succeeded.[0m
2024-03-22T15:43:30.943587+08:00 WARN rocket::server - Received SIGINT. Requesting shutdown.
2024-03-22T15:43:30.943718+08:00 INFO rocket::server - Shutdown requested. Waiting for pending I/O...
2024-03-22T15:43:32.945572+08:00 INFO rocket::server - Graceful shutdown completed successfully.
2024-03-22T16:09:01.034773+08:00 INFO lottery - long inited!
2024-03-22T16:09:01.127487+08:00 INFO rocket::config::config - 🔧 Configured for [4mdebug[0m.
2024-03-22T16:09:01.127559+08:00 INFO rocket::config::config - address: [1;39m127.0.0.1[0m
2024-03-22T16:09:01.127598+08:00 INFO rocket::config::config - port: [1;39m8000[0m
2024-03-22T16:09:01.127630+08:00 INFO rocket::config::config - workers: [1;39m12[0m
2024-03-22T16:09:01.127663+08:00 INFO rocket::config::config - max blocking threads: [1;39m512[0m
2024-03-22T16:09:01.127698+08:00 INFO rocket::config::config - ident: [1;39mRocket[0m
2024-03-22T16:09:01.127733+08:00 INFO rocket::config::config - IP header: [1;39mX-Real-IP[0m
2024-03-22T16:09:01.127774+08:00 INFO rocket::config::config - limits: [1;39mbytes = 8KiB, data-form = 2MiB, file = 1MiB, form = 32KiB, json = 1MiB, msgpack = 1MiB, string = 8KiB[0m
2024-03-22T16:09:01.127814+08:00 INFO rocket::config::config - temp dir: [1;39m/var/folders/5c/lr97g91j4319_f1vsg410ylw0000gn/T/[0m
2024-03-22T16:09:01.127894+08:00 INFO rocket::config::config - http/2: [1;39mtrue[0m
2024-03-22T16:09:01.127928+08:00 INFO rocket::config::config - keep-alive: [1;39m5[0m[1;39ms[0m
2024-03-22T16:09:01.127961+08:00 INFO rocket::config::config - tls: [1;39mdisabled[0m
2024-03-22T16:09:01.127996+08:00 INFO rocket::config::config - shutdown: [1;39mctrlc = true, force = true, signals = [SIGTERM], grace = 2s, mercy = 3s[0m
2024-03-22T16:09:01.128031+08:00 INFO rocket::config::config - log level: [1;39mnormal[0m
2024-03-22T16:09:01.128063+08:00 INFO rocket::config::config - cli colors: [1;39mtrue[0m
2024-03-22T16:09:01.128233+08:00 INFO rocket::rocket - 📬 [35mRoutes[0m:
2024-03-22T16:09:01.128333+08:00 INFO rocket::rocket - [36m([0m[39mindex[0m[36m)[0m [32mGET[0m [34m/hi[0m
2024-03-22T16:09:01.128378+08:00 INFO rocket::rocket - [36m([0m[39mtest[0m[36m)[0m [32mGET[0m [34m/test[0m
2024-03-22T16:09:01.128426+08:00 INFO rocket::rocket - [36m([0m[39mput_item_to_redis[0m[36m)[0m [32mPOST[0m [34m/items[0m [33mapplication/json[0m
2024-03-22T16:09:01.128472+08:00 INFO rocket::rocket - [36m([0m[39mtoken[0m[36m)[0m [32mGET[0m [34m/getToken?<deviceId>[0m
2024-03-22T16:09:01.128514+08:00 INFO rocket::rocket - [36m([0m[39mdelay[0m[36m)[0m [32mGET[0m [34m/delay/<seconds>[0m
2024-03-22T16:09:01.128567+08:00 INFO rocket::fairing::fairings - 📡 [35mFairings[0m:
2024-03-22T16:09:01.128613+08:00 INFO rocket::fairing::fairings - [1;39mShield[0m ([1;34mliftoff, response, singleton[0m)
2024-03-22T16:09:01.128651+08:00 INFO rocket::fairing::fairings - [1;39m'lottery' Database Pool[0m ([1;34mignite[0m)
2024-03-22T16:09:01.128871+08:00 INFO rocket::shield::shield - 🛡️ [35mShield[0m:
2024-03-22T16:09:01.128909+08:00 INFO rocket::shield::shield - Permissions-Policy: [39minterest-cohort=()[0m
2024-03-22T16:09:01.128941+08:00 INFO rocket::shield::shield - X-Frame-Options: [39mSAMEORIGIN[0m
2024-03-22T16:09:01.128971+08:00 INFO rocket::shield::shield - X-Content-Type-Options: [39mnosniff[0m
2024-03-22T16:09:01.129026+08:00 WARN rocket::rocket - 🚀 [1;39mRocket has launched from [4mhttp://127.0.0.1:8000[0m
2024-03-22T16:09:12.169761+08:00 INFO rocket::server - [32mGET[0m [34m/test[0m [33mtext/html[0m:
2024-03-22T16:09:12.189137+08:00 INFO rocket::server - Matched: [36m([0m[39mtest[0m[36m)[0m [32mGET[0m [34m/test[0m
2024-03-22T16:09:12.194207+08:00 INFO rocket::server - [1;39mOutcome: [0m[32mSuccess[0m([39m200 OK[0m)
2024-03-22T16:09:12.194543+08:00 INFO rocket::server - [32mResponse succeeded.[0m
2024-03-22T16:09:34.034769+08:00 INFO rocket::server - [32mGET[0m [34m/getProblemList?1111[0m [33mtext/html[0m:
2024-03-22T16:09:34.035150+08:00 ERROR rocket::server - No matching routes for [32mGET[0m [34m/getProblemList?1111[0m [33mtext/html[0m.
2024-03-22T16:09:34.035296+08:00 WARN rocket::server - No [1;34m404[0m catcher registered. Using Rocket default.
2024-03-22T16:09:34.035471+08:00 INFO rocket::server - [32mResponse succeeded.[0m
2024-03-22T16:10:00.250590+08:00 WARN rocket::server - Received SIGINT. Requesting shutdown.
2024-03-22T16:10:00.251252+08:00 INFO rocket::server - Shutdown requested. Waiting for pending I/O...
2024-03-22T16:10:02.249263+08:00 INFO rocket::server - Graceful shutdown completed successfully.
2024-03-22T16:10:12.195387+08:00 INFO lottery - long inited!
2024-03-22T16:10:12.270348+08:00 INFO rocket::config::config - 🔧 Configured for [4mdebug[0m.
2024-03-22T16:10:12.270408+08:00 INFO rocket::config::config - address: [1;39m127.0.0.1[0m
2024-03-22T16:10:12.270441+08:00 INFO rocket::config::config - port: [1;39m8000[0m
2024-03-22T16:10:12.270476+08:00 INFO rocket::config::config - workers: [1;39m12[0m
2024-03-22T16:10:12.270505+08:00 INFO rocket::config::config - max blocking threads: [1;39m512[0m
2024-03-22T16:10:12.270535+08:00 INFO rocket::config::config - ident: [1;39mRocket[0m
2024-03-22T16:10:12.270566+08:00 INFO rocket::config::config - IP header: [1;39mX-Real-IP[0m
2024-03-22T16:10:12.270652+08:00 INFO rocket::config::config - limits: [1;39mbytes = 8KiB, data-form = 2MiB, file = 1MiB, form = 32KiB, json = 1MiB, msgpack = 1MiB, string = 8KiB[0m
2024-03-22T16:10:12.270686+08:00 INFO rocket::config::config - temp dir: [1;39m/var/folders/5c/lr97g91j4319_f1vsg410ylw0000gn/T/[0m
2024-03-22T16:10:12.270715+08:00 INFO rocket::config::config - http/2: [1;39mtrue[0m
2024-03-22T16:10:12.270743+08:00 INFO rocket::config::config - keep-alive: [1;39m5[0m[1;39ms[0m
2024-03-22T16:10:12.270770+08:00 INFO rocket::config::config - tls: [1;39mdisabled[0m
2024-03-22T16:10:12.270802+08:00 INFO rocket::config::config - shutdown: [1;39mctrlc = true, force = true, signals = [SIGTERM], grace = 2s, mercy = 3s[0m
2024-03-22T16:10:12.270830+08:00 INFO rocket::config::config - log level: [1;39mnormal[0m
2024-03-22T16:10:12.270871+08:00 INFO rocket::config::config - cli colors: [1;39mtrue[0m
2024-03-22T16:10:12.271035+08:00 INFO rocket::rocket - 📬 [35mRoutes[0m:
2024-03-22T16:10:12.271125+08:00 INFO rocket::rocket - [36m([0m[39mindex[0m[36m)[0m [32mGET[0m [34m/hi[0m
2024-03-22T16:10:12.271163+08:00 INFO rocket::rocket - [36m([0m[39mtest[0m[36m)[0m [32mGET[0m [34m/test[0m
2024-03-22T16:10:12.271201+08:00 INFO rocket::rocket - [36m([0m[39mput_item_to_redis[0m[36m)[0m [32mPOST[0m [34m/items[0m [33mapplication/json[0m
2024-03-22T16:10:12.271238+08:00 INFO rocket::rocket - [36m([0m[39mtoken[0m[36m)[0m [32mGET[0m [34m/getToken?<deviceId>[0m
2024-03-22T16:10:12.271272+08:00 INFO rocket::rocket - [36m([0m[39mget_problem_list[0m[36m)[0m [32mGET[0m [34m/getProblemList?<token>[0m
2024-03-22T16:10:12.271305+08:00 INFO rocket::rocket - [36m([0m[39mdelay[0m[36m)[0m [32mGET[0m [34m/delay/<seconds>[0m
2024-03-22T16:10:12.271353+08:00 INFO rocket::fairing::fairings - 📡 [35mFairings[0m:
2024-03-22T16:10:12.271392+08:00 INFO rocket::fairing::fairings - [1;39mShield[0m ([1;34mliftoff, response, singleton[0m)
2024-03-22T16:10:12.271423+08:00 INFO rocket::fairing::fairings - [1;39m'lottery' Database Pool[0m ([1;34mignite[0m)
2024-03-22T16:10:12.271635+08:00 INFO rocket::shield::shield - 🛡️ [35mShield[0m:
2024-03-22T16:10:12.271666+08:00 INFO rocket::shield::shield - X-Frame-Options: [39mSAMEORIGIN[0m
2024-03-22T16:10:12.271691+08:00 INFO rocket::shield::shield - X-Content-Type-Options: [39mnosniff[0m
2024-03-22T16:10:12.271716+08:00 INFO rocket::shield::shield - Permissions-Policy: [39minterest-cohort=()[0m
2024-03-22T16:10:12.271764+08:00 WARN rocket::rocket - 🚀 [1;39mRocket has launched from [4mhttp://127.0.0.1:8000[0m
2024-03-22T16:10:14.682212+08:00 INFO rocket::server - [32mGET[0m [34m/getProblemList?1111[0m [33mtext/html[0m:
2024-03-22T16:10:14.682310+08:00 INFO rocket::server - Matched: [36m([0m[39mget_problem_list[0m[36m)[0m [32mGET[0m [34m/getProblemList?<token>[0m
2024-03-22T16:10:14.697043+08:00 WARN lottery - Query string failed to match route declaration.
2024-03-22T16:10:14.712820+08:00 WARN lottery - missing
2024-03-22T16:10:14.712946+08:00 INFO rocket::server - [1;39mOutcome: [0m[33mForward[0m([39m422 Unprocessable Entity[0m)
2024-03-22T16:10:14.713088+08:00 ERROR rocket::server - No matching routes for [32mGET[0m [34m/getProblemList?1111[0m [33mtext/html[0m.
2024-03-22T16:10:14.713160+08:00 WARN rocket::server - No [1;34m422[0m catcher registered. Using Rocket default.
2024-03-22T16:10:14.713369+08:00 INFO rocket::server - [32mResponse succeeded.[0m
2024-03-22T16:10:41.646848+08:00 INFO rocket::server - [32mGET[0m [34m/getProblemList?token=1111[0m [33mtext/html[0m:
2024-03-22T16:10:41.666399+08:00 INFO rocket::server - Matched: [36m([0m[39mget_problem_list[0m[36m)[0m [32mGET[0m [34m/getProblemList?<token>[0m
2024-03-22T16:10:41.753906+08:00 INFO rocket::server - [1;39mOutcome: [0m[32mSuccess[0m([39m200 OK[0m)
2024-03-22T16:10:41.754047+08:00 INFO rocket::server - [32mResponse succeeded.[0m
2024-03-22T16:25:21.613054+08:00 WARN rocket::server - Received SIGINT. Requesting shutdown.
2024-03-22T16:25:21.613652+08:00 INFO rocket::server - Shutdown requested. Waiting for pending I/O...
2024-03-22T16:25:21.613766+08:00 INFO rocket::server - Graceful shutdown completed successfully.
2024-03-29T10:09:36.551722+08:00 INFO lottery - long inited!
2024-03-29T10:09:36.704646+08:00 INFO rocket::config::config - 🔧 Configured for [4mdebug[0m.
2024-03-29T10:09:36.704709+08:00 INFO rocket::config::config - address: [1;39m127.0.0.1[0m
2024-03-29T10:09:36.704756+08:00 INFO rocket::config::config - port: [1;39m8000[0m
2024-03-29T10:09:36.704800+08:00 INFO rocket::config::config - workers: [1;39m12[0m
2024-03-29T10:09:36.704840+08:00 INFO rocket::config::config - max blocking threads: [1;39m512[0m
2024-03-29T10:09:36.704881+08:00 INFO rocket::config::config - ident: [1;39mRocket[0m
2024-03-29T10:09:36.704919+08:00 INFO rocket::config::config - IP header: [1;39mX-Real-IP[0m
2024-03-29T10:09:36.704951+08:00 INFO rocket::config::config - limits: [1;39mbytes = 8KiB, data-form = 2MiB, file = 1MiB, form = 32KiB, json = 1MiB, msgpack = 1MiB, string = 8KiB[0m
2024-03-29T10:09:36.704980+08:00 INFO rocket::config::config - temp dir: [1;39m/var/folders/5c/lr97g91j4319_f1vsg410ylw0000gn/T/[0m
2024-03-29T10:09:36.705004+08:00 INFO rocket::config::config - http/2: [1;39mtrue[0m
2024-03-29T10:09:36.705028+08:00 INFO rocket::config::config - keep-alive: [1;39m5[0m[1;39ms[0m
2024-03-29T10:09:36.705051+08:00 INFO rocket::config::config - tls: [1;39mdisabled[0m
2024-03-29T10:09:36.705079+08:00 INFO rocket::config::config - shutdown: [1;39mctrlc = true, force = true, signals = [SIGTERM], grace = 2s, mercy = 3s[0m
2024-03-29T10:09:36.705103+08:00 INFO rocket::config::config - log level: [1;39mnormal[0m
2024-03-29T10:09:36.705125+08:00 INFO rocket::config::config - cli colors: [1;39mtrue[0m
2024-03-29T10:09:36.705941+08:00 INFO rocket::rocket - 📬 [35mRoutes[0m:
2024-03-29T10:09:36.706083+08:00 INFO rocket::rocket - [36m([0m[39mindex[0m[36m)[0m [32mGET[0m [34m/hi[0m
2024-03-29T10:09:36.706135+08:00 INFO rocket::rocket - [36m([0m[39mtest[0m[36m)[0m [32mGET[0m [34m/test[0m
2024-03-29T10:09:36.706185+08:00 INFO rocket::rocket - [36m([0m[39mput_item_to_redis[0m[36m)[0m [32mPOST[0m [34m/items[0m [33mapplication/json[0m
2024-03-29T10:09:36.706233+08:00 INFO rocket::rocket - [36m([0m[39mtoken[0m[36m)[0m [32mGET[0m [34m/getToken?<deviceId>[0m
2024-03-29T10:09:36.706317+08:00 INFO rocket::rocket - [36m([0m[39mget_problem_list[0m[36m)[0m [32mGET[0m [34m/getProblemList?<token>[0m
2024-03-29T10:09:36.706395+08:00 INFO rocket::rocket - [36m([0m[39mdelay[0m[36m)[0m [32mGET[0m [34m/delay/<seconds>[0m
2024-03-29T10:09:36.706475+08:00 INFO rocket::fairing::fairings - 📡 [35mFairings[0m:
2024-03-29T10:09:36.706533+08:00 INFO rocket::fairing::fairings - [1;39mShield[0m ([1;34mliftoff, response, singleton[0m)
2024-03-29T10:09:36.706579+08:00 INFO rocket::fairing::fairings - [1;39m'lottery' Database Pool[0m ([1;34mignite[0m)
2024-03-29T10:09:36.706895+08:00 INFO rocket::shield::shield - 🛡️ [35mShield[0m:
2024-03-29T10:09:36.706942+08:00 INFO rocket::shield::shield - Permissions-Policy: [39minterest-cohort=()[0m
2024-03-29T10:09:36.706983+08:00 INFO rocket::shield::shield - X-Content-Type-Options: [39mnosniff[0m
2024-03-29T10:09:36.707020+08:00 INFO rocket::shield::shield - X-Frame-Options: [39mSAMEORIGIN[0m
2024-03-29T10:09:36.707082+08:00 WARN rocket::rocket - 🚀 [1;39mRocket has launched from [4mhttp://127.0.0.1:8000[0m
2024-03-29T10:09:48.405678+08:00 INFO rocket::server - [32mGET[0m [34m/test[0m [33mtext/html[0m:
2024-03-29T10:09:48.425138+08:00 INFO rocket::server - Matched: [36m([0m[39mtest[0m[36m)[0m [32mGET[0m [34m/test[0m
2024-03-29T10:09:48.425274+08:00 INFO rocket::server - [1;39mOutcome: [0m[32mSuccess[0m([39m200 OK[0m)
2024-03-29T10:09:48.425503+08:00 INFO rocket::server - [32mResponse succeeded.[0m
2024-03-29T10:09:48.510125+08:00 INFO rocket::server - [32mGET[0m [34m/favicon.ico[0m [33mimage/avif[0m:
2024-03-29T10:09:48.510235+08:00 ERROR rocket::server - No matching routes for [32mGET[0m [34m/favicon.ico[0m [33mimage/avif[0m.
2024-03-29T10:09:48.510283+08:00 WARN rocket::server - No [1;34m404[0m catcher registered. Using Rocket default.
2024-03-29T10:09:48.510501+08:00 INFO rocket::server - [32mResponse succeeded.[0m
2024-03-29T10:17:08.954884+08:00 WARN rocket::server - Received SIGINT. Requesting shutdown.
2024-03-29T10:17:08.955345+08:00 INFO rocket::server - Shutdown requested. Waiting for pending I/O...
2024-03-29T10:17:08.955464+08:00 INFO rocket::server - Graceful shutdown completed successfully.
2024-03-29T15:08:13.766874+08:00 INFO lottery - long inited!
2024-03-29T15:08:13.844183+08:00 INFO rocket::config::config - 🔧 Configured for [4mdebug[0m.
2024-03-29T15:08:13.844245+08:00 INFO rocket::config::config - address: [1;39m127.0.0.1[0m
2024-03-29T15:08:13.844278+08:00 INFO rocket::config::config - port: [1;39m8000[0m
2024-03-29T15:08:13.844307+08:00 INFO rocket::config::config - workers: [1;39m12[0m
2024-03-29T15:08:13.844335+08:00 INFO rocket::config::config - max blocking threads: [1;39m512[0m
2024-03-29T15:08:13.844367+08:00 INFO rocket::config::config - ident: [1;39mRocket[0m
2024-03-29T15:08:13.844398+08:00 INFO rocket::config::config - IP header: [1;39mX-Real-IP[0m
2024-03-29T15:08:13.844434+08:00 INFO rocket::config::config - limits: [1;39mbytes = 8KiB, data-form = 2MiB, file = 1MiB, form = 32KiB, json = 1MiB, msgpack = 1MiB, string = 8KiB[0m
2024-03-29T15:08:13.844467+08:00 INFO rocket::config::config - temp dir: [1;39m/var/folders/5c/lr97g91j4319_f1vsg410ylw0000gn/T/[0m
2024-03-29T15:08:13.844494+08:00 INFO rocket::config::config - http/2: [1;39mtrue[0m
2024-03-29T15:08:13.844523+08:00 INFO rocket::config::config - keep-alive: [1;39m5[0m[1;39ms[0m
2024-03-29T15:08:13.844551+08:00 INFO rocket::config::config - tls: [1;39mdisabled[0m
2024-03-29T15:08:13.844580+08:00 INFO rocket::config::config - shutdown: [1;39mctrlc = true, force = true, signals = [SIGTERM], grace = 2s, mercy = 3s[0m
2024-03-29T15:08:13.844609+08:00 INFO rocket::config::config - log level: [1;39mnormal[0m
2024-03-29T15:08:13.844636+08:00 INFO rocket::config::config - cli colors: [1;39mtrue[0m
2024-03-29T15:08:13.844787+08:00 INFO rocket::rocket - 📬 [35mRoutes[0m:
2024-03-29T15:08:13.844880+08:00 INFO rocket::rocket - [36m([0m[39mindex[0m[36m)[0m [32mGET[0m [34m/hi[0m
2024-03-29T15:08:13.844919+08:00 INFO rocket::rocket - [36m([0m[39mtest[0m[36m)[0m [32mGET[0m [34m/test[0m
2024-03-29T15:08:13.844961+08:00 INFO rocket::rocket - [36m([0m[39mput_item_to_redis[0m[36m)[0m [32mPOST[0m [34m/items[0m [33mapplication/json[0m
2024-03-29T15:08:13.844999+08:00 INFO rocket::rocket - [36m([0m[39mtoken[0m[36m)[0m [32mGET[0m [34m/getToken?<deviceId>[0m
2024-03-29T15:08:13.845034+08:00 INFO rocket::rocket - [36m([0m[39mget_problem_list[0m[36m)[0m [32mGET[0m [34m/getProblemList?<token>[0m
2024-03-29T15:08:13.845069+08:00 INFO rocket::rocket - [36m([0m[39mdelay[0m[36m)[0m [32mGET[0m [34m/delay/<seconds>[0m
2024-03-29T15:08:13.845118+08:00 INFO rocket::fairing::fairings - 📡 [35mFairings[0m:
2024-03-29T15:08:13.845155+08:00 INFO rocket::fairing::fairings - [1;39m'lottery' Database Pool[0m ([1;34mignite[0m)
2024-03-29T15:08:13.845187+08:00 INFO rocket::fairing::fairings - [1;39mShield[0m ([1;34mliftoff, response, singleton[0m)
2024-03-29T15:08:13.845403+08:00 INFO rocket::shield::shield - 🛡️ [35mShield[0m:
2024-03-29T15:08:13.845438+08:00 INFO rocket::shield::shield - X-Content-Type-Options: [39mnosniff[0m
2024-03-29T15:08:13.845466+08:00 INFO rocket::shield::shield - X-Frame-Options: [39mSAMEORIGIN[0m
2024-03-29T15:08:13.845494+08:00 INFO rocket::shield::shield - Permissions-Policy: [39minterest-cohort=()[0m
2024-03-29T15:08:13.845539+08:00 WARN rocket::rocket - 🚀 [1;39mRocket has launched from [4mhttp://127.0.0.1:8000[0m
2024-03-29T15:08:34.265536+08:00 INFO rocket::server - [32mGET[0m [34m/getProblemList?token=1111[0m [33mtext/html[0m:
2024-03-29T15:08:34.286141+08:00 INFO rocket::server - Matched: [36m([0m[39mget_problem_list[0m[36m)[0m [32mGET[0m [34m/getProblemList?<token>[0m
2024-03-29T15:08:34.343575+08:00 INFO rocket::server - [1;39mOutcome: [0m[32mSuccess[0m([39m200 OK[0m)
2024-03-29T15:08:34.343773+08:00 INFO rocket::server - [32mResponse succeeded.[0m
2024-03-29T15:08:36.376382+08:00 INFO rocket::server - [32mGET[0m [34m/getProblemList?token=1111[0m [33mtext/html[0m:
2024-03-29T15:08:36.395290+08:00 INFO rocket::server - Matched: [36m([0m[39mget_problem_list[0m[36m)[0m [32mGET[0m [34m/getProblemList?<token>[0m
2024-03-29T15:08:36.396027+08:00 INFO rocket::server - [1;39mOutcome: [0m[32mSuccess[0m([39m200 OK[0m)
2024-03-29T15:08:36.396171+08:00 INFO rocket::server - [32mResponse succeeded.[0m
2024-03-29T15:18:18.016982+08:00 INFO rocket::server - [32mGET[0m [34m/getProblemList?token=1111[0m [33mtext/html[0m:
2024-03-29T15:18:18.017352+08:00 INFO rocket::server - Matched: [36m([0m[39mget_problem_list[0m[36m)[0m [32mGET[0m [34m/getProblemList?<token>[0m
2024-03-29T15:18:18.018555+08:00 INFO rocket::server - [1;39mOutcome: [0m[32mSuccess[0m([39m200 OK[0m)
2024-03-29T15:18:18.018799+08:00 INFO rocket::server - [32mResponse succeeded.[0m
2024-03-29T15:19:24.452950+08:00 WARN rocket::server - Received SIGINT. Requesting shutdown.
2024-03-29T15:19:24.453480+08:00 INFO rocket::server - Shutdown requested. Waiting for pending I/O...
2024-03-29T15:19:26.454835+08:00 INFO rocket::server - Graceful shutdown completed successfully.
